<?xml version="1.0" encoding="UTF-8"?>
<testsuite xmlns:xsi="http://www.w3.org/2001/XMLSchema-instance" xsi:noNamespaceSchemaLocation="https://maven.apache.org/surefire/maven-surefire-plugin/xsd/surefire-test-report-3.0.xsd" version="3.0" name="app.application.services.SectionContentServiceTest" time="1.799" tests="5" errors="0" skipped="0" failures="0">
  <properties>
[...]
</properties>
  <testcase name="testGetSectionContentById_NotFound" classname="app.application.services.SectionContentServiceTest" time="1.68">
    <system-err><![CDATA[WARNING: A Java agent has been loaded dynamically (/Users/cassorr/.m2/repository/net/bytebuddy/byte-buddy-agent/1.14.10/byte-buddy-agent-1.14.10.jar)
WARNING: If a serviceability tool is in use, please run with -XX:+EnableDynamicAgentLoading to hide this warning
WARNING: If a serviceability tool is not in use, please run with -Djdk.instrument.traceUsage for more information
WARNING: Dynamic loading of agents will be disallowed by default in a future release
]]></system-err>
  </testcase>
  <testcase name="testAddSectionContent" classname="app.application.services.SectionContentServiceTest" time="0.007"/>
  <testcase name="testGetSectionContentById_Found" classname="app.application.services.SectionContentServiceTest" time="0.007"/>
  <testcase name="testDeleteSectionContent" classname="app.application.services.SectionContentServiceTest" time="0.005"/>
  <testcase name="testGetAllSectionContents" classname="app.application.services.SectionContentServiceTest" time="0.004"/>
</testsuite>